2024-10-03 11:16:44,408  INFO 16806 --- [airbnb] [main] c.airbnb_clone.AirbnbCloneApplication    : Starting AirbnbCloneApplication using Java 17.0.1 with PID 16806 (/Users/doungukkim/Desktop/workspace/backend/build/classes/java/main started by doungukkim in /Users/doungukkim/Desktop/workspace/backend)
2024-10-03 11:16:44,409  INFO 16806 --- [airbnb] [main] c.airbnb_clone.AirbnbCloneApplication    : The following 1 profile is active: "local"
2024-10-03 11:16:44,434  INFO 16806 --- [airbnb] [main] .s.b.d.c.l.DockerComposeLifecycleManager : Using Docker Compose file '/Users/doungukkim/Desktop/workspace/backend/docker-compose.yml'
2024-10-03 11:16:45,352  INFO 16806 --- [airbnb] [main] .s.b.d.c.l.DockerComposeLifecycleManager : There are already Docker Compose services running, skipping startup
2024-10-03 11:16:46,412  INFO 16806 --- [airbnb] [main] .s.d.r.c.RepositoryConfigurationDelegate : Multiple Spring Data modules found, entering strict repository configuration mode
2024-10-03 11:16:46,413  INFO 16806 --- [airbnb] [main] .s.d.r.c.RepositoryConfigurationDelegate : Bootstrapping Spring Data JDBC repositories in DEFAULT mode.
2024-10-03 11:16:46,445  INFO 16806 --- [airbnb] [main] .RepositoryConfigurationExtensionSupport : Spring Data JDBC - Could not safely identify store assignment for repository candidate interface com.airbnb_clone.history.repository.PersonalHistoryRedisRepository; If you want this repository to be a JDBC repository, consider annotating your entities with one of these annotations: org.springframework.data.relational.core.mapping.Table.
2024-10-03 11:16:46,446  INFO 16806 --- [airbnb] [main] .RepositoryConfigurationExtensionSupport : Spring Data JDBC - Could not safely identify store assignment for repository candidate interface com.airbnb_clone.pin.repository.PinRedisRepository; If you want this repository to be a JDBC repository, consider annotating your entities with one of these annotations: org.springframework.data.relational.core.mapping.Table.
2024-10-03 11:16:46,446  INFO 16806 --- [airbnb] [main] .s.d.r.c.RepositoryConfigurationDelegate : Finished Spring Data repository scanning in 30 ms. Found 0 JDBC repository interfaces.
2024-10-03 11:16:46,451  INFO 16806 --- [airbnb] [main] .s.d.r.c.RepositoryConfigurationDelegate : Multiple Spring Data modules found, entering strict repository configuration mode
2024-10-03 11:16:46,451  INFO 16806 --- [airbnb] [main] .s.d.r.c.RepositoryConfigurationDelegate : Bootstrapping Spring Data MongoDB repositories in DEFAULT mode.
2024-10-03 11:16:46,455  INFO 16806 --- [airbnb] [main] .RepositoryConfigurationExtensionSupport : Spring Data MongoDB - Could not safely identify store assignment for repository candidate interface com.airbnb_clone.history.repository.PersonalHistoryRedisRepository; If you want this repository to be a MongoDB repository, consider annotating your entities with one of these annotations: org.springframework.data.mongodb.core.mapping.Document (preferred), or consider extending one of the following types with your repository: org.springframework.data.mongodb.repository.MongoRepository
2024-10-03 11:16:46,456  INFO 16806 --- [airbnb] [main] .RepositoryConfigurationExtensionSupport : Spring Data MongoDB - Could not safely identify store assignment for repository candidate interface com.airbnb_clone.pin.repository.PinRedisRepository; If you want this repository to be a MongoDB repository, consider annotating your entities with one of these annotations: org.springframework.data.mongodb.core.mapping.Document (preferred), or consider extending one of the following types with your repository: org.springframework.data.mongodb.repository.MongoRepository
2024-10-03 11:16:46,456  INFO 16806 --- [airbnb] [main] .s.d.r.c.RepositoryConfigurationDelegate : Finished Spring Data repository scanning in 4 ms. Found 0 MongoDB repository interfaces.
2024-10-03 11:16:46,463  INFO 16806 --- [airbnb] [main] .s.d.r.c.RepositoryConfigurationDelegate : Multiple Spring Data modules found, entering strict repository configuration mode
2024-10-03 11:16:46,464  INFO 16806 --- [airbnb] [main] .s.d.r.c.RepositoryConfigurationDelegate : Bootstrapping Spring Data Redis repositories in DEFAULT mode.
2024-10-03 11:16:46,531  INFO 16806 --- [airbnb] [main] .s.d.r.c.RepositoryConfigurationDelegate : Finished Spring Data repository scanning in 63 ms. Found 2 Redis repository interfaces.
2024-10-03 11:16:46,896  INFO 16806 --- [airbnb] [main] o.s.b.w.embedded.tomcat.TomcatWebServer  : Tomcat initialized with port 8008 (http)
2024-10-03 11:16:46,901  INFO 16806 --- [airbnb] [main] o.apache.catalina.core.StandardService   : Starting service [Tomcat]
2024-10-03 11:16:46,901  INFO 16806 --- [airbnb] [main] o.apache.catalina.core.StandardEngine    : Starting Servlet engine: [Apache Tomcat/10.1.25]
2024-10-03 11:16:46,930  INFO 16806 --- [airbnb] [main] o.a.c.c.C.[Tomcat].[localhost].[/]       : Initializing Spring embedded WebApplicationContext
2024-10-03 11:16:46,930  INFO 16806 --- [airbnb] [main] w.s.c.ServletWebServerApplicationContext : Root WebApplicationContext: initialization completed in 1319 ms
2024-10-03 11:16:47,114  INFO 16806 --- [airbnb] [main] com.zaxxer.hikari.HikariDataSource       : HikariPool-1 - Starting...
2024-10-03 11:16:47,314  INFO 16806 --- [airbnb] [main] com.zaxxer.hikari.pool.HikariPool        : HikariPool-1 - Added connection com.mysql.cj.jdbc.ConnectionImpl@2e7e84f8
2024-10-03 11:16:47,315  INFO 16806 --- [airbnb] [main] com.zaxxer.hikari.HikariDataSource       : HikariPool-1 - Start completed.
2024-10-03 11:16:48,406  INFO 16806 --- [airbnb] [main] org.mongodb.driver.client                : MongoClient with metadata {"driver": {"name": "mongo-java-driver|sync|spring-boot", "version": "5.0.1"}, "os": {"type": "Darwin", "name": "Mac OS X", "architecture": "aarch64", "version": "15.0"}, "platform": "Java/Oracle Corporation/17.0.1+12-LTS-39"} created with settings MongoClientSettings{readPreference=primary, writeConcern=WriteConcern{w=null, wTimeout=null ms, journal=null}, retryWrites=true, retryReads=true, readConcern=ReadConcern{level=null}, credential=null, transportSettings=null, commandListeners=[io.micrometer.core.instrument.binder.mongodb.MongoMetricsCommandListener@ed1d2cf], codecRegistry=ProvidersCodecRegistry{codecProviders=[ValueCodecProvider{}, BsonValueCodecProvider{}, DBRefCodecProvider{}, DBObjectCodecProvider{}, DocumentCodecProvider{}, CollectionCodecProvider{}, IterableCodecProvider{}, MapCodecProvider{}, GeoJsonCodecProvider{}, GridFSFileCodecProvider{}, Jsr310CodecProvider{}, JsonObjectCodecProvider{}, BsonCodecProvider{}, EnumCodecProvider{}, com.mongodb.client.model.mql.ExpressionCodecProvider@b814e23, com.mongodb.Jep395RecordCodecProvider@5f81507a, com.mongodb.KotlinCodecProvider@7d7c05fa]}, loggerSettings=LoggerSettings{maxDocumentLength=1000}, clusterSettings={hosts=[127.0.0.1:27018], srvServiceName=mongodb, mode=SINGLE, requiredClusterType=UNKNOWN, requiredReplicaSetName='null', serverSelector='null', clusterListeners='[]', serverSelectionTimeout='30000 ms', localThreshold='15 ms'}, socketSettings=SocketSettings{connectTimeoutMS=10000, readTimeoutMS=0, receiveBufferSize=0, proxySettings=ProxySettings{host=null, port=null, username=null, password=null}}, heartbeatSocketSettings=SocketSettings{connectTimeoutMS=10000, readTimeoutMS=10000, receiveBufferSize=0, proxySettings=ProxySettings{host=null, port=null, username=null, password=null}}, connectionPoolSettings=ConnectionPoolSettings{maxSize=100, minSize=0, maxWaitTimeMS=120000, maxConnectionLifeTimeMS=0, maxConnectionIdleTimeMS=0, maintenanceInitialDelayMS=0, maintenanceFrequencyMS=60000, connectionPoolListeners=[io.micrometer.core.instrument.binder.mongodb.MongoMetricsConnectionPoolListener@7dbbf730], maxConnecting=2}, serverSettings=ServerSettings{heartbeatFrequencyMS=10000, minHeartbeatFrequencyMS=500, serverListeners='[]', serverMonitorListeners='[]'}, sslSettings=SslSettings{enabled=false, invalidHostNameAllowed=false, context=null}, applicationName='null', compressorList=[], uuidRepresentation=JAVA_LEGACY, serverApi=null, autoEncryptionSettings=null, dnsClient=null, inetAddressResolver=null, contextProvider=null}
2024-10-03 11:16:48,426  INFO 16806 --- [airbnb] [cluster-ClusterId{value='66fdfe9095f3f662780bf455', description='null'}-127.0.0.1:27018] org.mongodb.driver.cluster               : Monitor thread successfully connected to server with description ServerDescription{address=127.0.0.1:27018, type=REPLICA_SET_PRIMARY, state=CONNECTED, ok=true, minWireVersion=0, maxWireVersion=25, maxDocumentSize=16777216, logicalSessionTimeoutMinutes=30, roundTripTimeNanos=23010625, setName='rs0', canonicalAddress=127.0.0.1:27017, hosts=[127.0.0.1:27017], passives=[], arbiters=[], primary='127.0.0.1:27017', tagSet=TagSet{[]}, electionId=7fffffff000000000000001d, setVersion=1, topologyVersion=TopologyVersion{processId=66fd50da2aef5fa9e4194d44, counter=6}, lastWriteDate=Thu Oct 03 11:16:39 KST 2024, lastUpdateTimeNanos=79856159241875}
2024-10-03 11:16:48,658 ERROR 16806 --- [airbnb] [main] i.n.r.d.DnsServerAddressStreamProviders  : Unable to load io.netty.resolver.dns.macos.MacOSDnsServerAddressStreamProvider, fallback to system defaults. This may result in incorrect DNS resolutions on MacOS. Check whether you have a dependency on 'io.netty:netty-resolver-dns-native-macos'. Use DEBUG level to see the full stack: java.lang.UnsatisfiedLinkError: failed to load the required native library
2024-10-03 11:16:49,350  INFO 16806 --- [airbnb] [main] r$InitializeUserDetailsManagerConfigurer : Global AuthenticationManager configured with UserDetailsService bean with name customUserDetailService
2024-10-03 11:16:49,569  INFO 16806 --- [airbnb] [main] o.s.b.a.e.web.EndpointLinksResolver      : Exposing 15 endpoints beneath base path '/actuator'
2024-10-03 11:16:50,010  INFO 16806 --- [airbnb] [main] o.s.b.w.embedded.tomcat.TomcatWebServer  : Tomcat started on port 8008 (http) with context path '/'
2024-10-03 11:16:50,010  INFO 16806 --- [airbnb] [main] o.s.m.s.b.SimpleBrokerMessageHandler     : Starting...
2024-10-03 11:16:50,010  INFO 16806 --- [airbnb] [main] o.s.m.s.b.SimpleBrokerMessageHandler     : BrokerAvailabilityEvent[available=true, SimpleBrokerMessageHandler [org.springframework.messaging.simp.broker.DefaultSubscriptionRegistry@1923a29a]]
2024-10-03 11:16:50,010  INFO 16806 --- [airbnb] [main] o.s.m.s.b.SimpleBrokerMessageHandler     : Started.
2024-10-03 11:16:50,021  INFO 16806 --- [airbnb] [main] c.airbnb_clone.AirbnbCloneApplication    : Started AirbnbCloneApplication in 5.887 seconds (process running for 6.271)
2024-10-03 11:16:50,022  INFO 16806 --- [airbnb] [SpringApplicationShutdownHook] o.s.m.s.b.SimpleBrokerMessageHandler     : Stopping...
2024-10-03 11:16:50,022  INFO 16806 --- [airbnb] [SpringApplicationShutdownHook] o.s.m.s.b.SimpleBrokerMessageHandler     : BrokerAvailabilityEvent[available=false, SimpleBrokerMessageHandler [org.springframework.messaging.simp.broker.DefaultSubscriptionRegistry@1923a29a]]
2024-10-03 11:16:50,022  INFO 16806 --- [airbnb] [SpringApplicationShutdownHook] o.s.m.s.b.SimpleBrokerMessageHandler     : Stopped.
2024-10-03 11:16:50,168  INFO 16806 --- [airbnb] [SpringApplicationShutdownHook] com.zaxxer.hikari.HikariDataSource       : HikariPool-1 - Shutdown initiated...
2024-10-03 11:16:50,175  INFO 16806 --- [airbnb] [SpringApplicationShutdownHook] com.zaxxer.hikari.HikariDataSource       : HikariPool-1 - Shutdown completed.
